CRITICAL - 2021-08-23 09:05:14 --> Undefined variable: item
#0 /Library/WebServer/Documents/lineart/app/Views/pages/panier.php(37): CodeIgniter\Debug\Exceptions->errorHandler(8, 'Undefined varia...', '/Library/WebSer...', 37, Array)
#1 /Library/WebServer/Documents/lineart/system/View/View.php(230): include('/Library/WebSer...')
#2 /Library/WebServer/Documents/lineart/system/View/View.php(232): CodeIgniter\View\View->CodeIgniter\View\{closure}()
#3 /Library/WebServer/Documents/lineart/system/Common.php(1250): CodeIgniter\View\View->render('pages/panier', Array, true)
#4 /Library/WebServer/Documents/lineart/app/Controllers/Pages.php(362): view('pages/panier')
#5 /Library/WebServer/Documents/lineart/system/CodeIgniter.php(931): App\Controllers\Pages->panier()
#6 /Library/WebServer/Documents/lineart/system/CodeIgniter.php(439): CodeIgniter\CodeIgniter->runController(Object(App\Controllers\Pages))
#7 /Library/WebServer/Documents/lineart/system/CodeIgniter.php(339): CodeIgniter\CodeIgniter->handleRequest(NULL, Object(Config\Cache), false)
#8 /Library/WebServer/Documents/lineart/public/index.php(36): CodeIgniter\CodeIgniter->run()
#9 {main}
CRITICAL - 2021-08-23 09:32:59 --> Undefined index: panier
#0 /Library/WebServer/Documents/lineart/app/Views/templates/header.php(44): CodeIgniter\Debug\Exceptions->errorHandler(8, 'Undefined index...', '/Library/WebSer...', 44, Array)
#1 /Library/WebServer/Documents/lineart/system/View/View.php(230): include('/Library/WebSer...')
#2 /Library/WebServer/Documents/lineart/system/View/View.php(232): CodeIgniter\View\View->CodeIgniter\View\{closure}()
#3 /Library/WebServer/Documents/lineart/system/Common.php(1250): CodeIgniter\View\View->render('templates/heade...', Array, true)
#4 /Library/WebServer/Documents/lineart/app/Controllers/Pages.php(156): view('templates/heade...', Array)
#5 /Library/WebServer/Documents/lineart/system/CodeIgniter.php(931): App\Controllers\Pages->home()
#6 /Library/WebServer/Documents/lineart/system/CodeIgniter.php(439): CodeIgniter\CodeIgniter->runController(Object(App\Controllers\Pages))
#7 /Library/WebServer/Documents/lineart/system/CodeIgniter.php(339): CodeIgniter\CodeIgniter->handleRequest(NULL, Object(Config\Cache), false)
#8 /Library/WebServer/Documents/lineart/public/index.php(36): CodeIgniter\CodeIgniter->run()
#9 {main}
CRITICAL - 2021-08-23 09:33:07 --> Undefined index: panier
#0 /Library/WebServer/Documents/lineart/app/Views/templates/header.php(44): CodeIgniter\Debug\Exceptions->errorHandler(8, 'Undefined index...', '/Library/WebSer...', 44, Array)
#1 /Library/WebServer/Documents/lineart/system/View/View.php(230): include('/Library/WebSer...')
#2 /Library/WebServer/Documents/lineart/system/View/View.php(232): CodeIgniter\View\View->CodeIgniter\View\{closure}()
#3 /Library/WebServer/Documents/lineart/system/Common.php(1250): CodeIgniter\View\View->render('templates/heade...', Array, true)
#4 /Library/WebServer/Documents/lineart/app/Controllers/Pages.php(156): view('templates/heade...', Array)
#5 /Library/WebServer/Documents/lineart/system/CodeIgniter.php(931): App\Controllers\Pages->home()
#6 /Library/WebServer/Documents/lineart/system/CodeIgniter.php(439): CodeIgniter\CodeIgniter->runController(Object(App\Controllers\Pages))
#7 /Library/WebServer/Documents/lineart/system/CodeIgniter.php(339): CodeIgniter\CodeIgniter->handleRequest(NULL, Object(Config\Cache), false)
#8 /Library/WebServer/Documents/lineart/public/index.php(36): CodeIgniter\CodeIgniter->run()
#9 {main}
CRITICAL - 2021-08-23 09:34:31 --> Undefined index: panier
#0 /Library/WebServer/Documents/lineart/app/Views/templates/header.php(46): CodeIgniter\Debug\Exceptions->errorHandler(8, 'Undefined index...', '/Library/WebSer...', 46, Array)
#1 /Library/WebServer/Documents/lineart/system/View/View.php(230): include('/Library/WebSer...')
#2 /Library/WebServer/Documents/lineart/system/View/View.php(232): CodeIgniter\View\View->CodeIgniter\View\{closure}()
#3 /Library/WebServer/Documents/lineart/system/Common.php(1250): CodeIgniter\View\View->render('templates/heade...', Array, true)
#4 /Library/WebServer/Documents/lineart/app/Controllers/Pages.php(156): view('templates/heade...', Array)
#5 /Library/WebServer/Documents/lineart/system/CodeIgniter.php(931): App\Controllers\Pages->home()
#6 /Library/WebServer/Documents/lineart/system/CodeIgniter.php(439): CodeIgniter\CodeIgniter->runController(Object(App\Controllers\Pages))
#7 /Library/WebServer/Documents/lineart/system/CodeIgniter.php(339): CodeIgniter\CodeIgniter->handleRequest(NULL, Object(Config\Cache), false)
#8 /Library/WebServer/Documents/lineart/public/index.php(36): CodeIgniter\CodeIgniter->run()
#9 {main}
CRITICAL - 2021-08-23 09:34:32 --> Undefined index: panier
#0 /Library/WebServer/Documents/lineart/app/Views/templates/header.php(46): CodeIgniter\Debug\Exceptions->errorHandler(8, 'Undefined index...', '/Library/WebSer...', 46, Array)
#1 /Library/WebServer/Documents/lineart/system/View/View.php(230): include('/Library/WebSer...')
#2 /Library/WebServer/Documents/lineart/system/View/View.php(232): CodeIgniter\View\View->CodeIgniter\View\{closure}()
#3 /Library/WebServer/Documents/lineart/system/Common.php(1250): CodeIgniter\View\View->render('templates/heade...', Array, true)
#4 /Library/WebServer/Documents/lineart/app/Controllers/Pages.php(156): view('templates/heade...', Array)
#5 /Library/WebServer/Documents/lineart/system/CodeIgniter.php(931): App\Controllers\Pages->home()
#6 /Library/WebServer/Documents/lineart/system/CodeIgniter.php(439): CodeIgniter\CodeIgniter->runController(Object(App\Controllers\Pages))
#7 /Library/WebServer/Documents/lineart/system/CodeIgniter.php(339): CodeIgniter\CodeIgniter->handleRequest(NULL, Object(Config\Cache), false)
#8 /Library/WebServer/Documents/lineart/public/index.php(36): CodeIgniter\CodeIgniter->run()
#9 {main}
CRITICAL - 2021-08-23 09:35:16 --> syntax error, unexpected 'session' (T_STRING)
#0 /Library/WebServer/Documents/lineart/system/Autoloader/Autoloader.php(282): CodeIgniter\Autoloader\Autoloader->includeFile('/Library/WebSer...')
#1 /Library/WebServer/Documents/lineart/system/Autoloader/Autoloader.php(247): CodeIgniter\Autoloader\Autoloader->loadInNamespace('App\\Controllers...')
#2 [internal function]: CodeIgniter\Autoloader\Autoloader->loadClass('App\\Controllers...')
#3 [internal function]: spl_autoload_call('App\\Controllers...')
#4 /Library/WebServer/Documents/lineart/system/CodeIgniter.php(888): class_exists('\\App\\Controller...', true)
#5 /Library/WebServer/Documents/lineart/system/CodeIgniter.php(424): CodeIgniter\CodeIgniter->startController()
#6 /Library/WebServer/Documents/lineart/system/CodeIgniter.php(339): CodeIgniter\CodeIgniter->handleRequest(NULL, Object(Config\Cache), false)
#7 /Library/WebServer/Documents/lineart/public/index.php(36): CodeIgniter\CodeIgniter->run()
#8 {main}
CRITICAL - 2021-08-23 09:35:18 --> syntax error, unexpected 'session' (T_STRING)
#0 /Library/WebServer/Documents/lineart/system/Autoloader/Autoloader.php(282): CodeIgniter\Autoloader\Autoloader->includeFile('/Library/WebSer...')
#1 /Library/WebServer/Documents/lineart/system/Autoloader/Autoloader.php(247): CodeIgniter\Autoloader\Autoloader->loadInNamespace('App\\Controllers...')
#2 [internal function]: CodeIgniter\Autoloader\Autoloader->loadClass('App\\Controllers...')
#3 [internal function]: spl_autoload_call('App\\Controllers...')
#4 /Library/WebServer/Documents/lineart/system/CodeIgniter.php(888): class_exists('\\App\\Controller...', true)
#5 /Library/WebServer/Documents/lineart/system/CodeIgniter.php(424): CodeIgniter\CodeIgniter->startController()
#6 /Library/WebServer/Documents/lineart/system/CodeIgniter.php(339): CodeIgniter\CodeIgniter->handleRequest(NULL, Object(Config\Cache), false)
#7 /Library/WebServer/Documents/lineart/public/index.php(36): CodeIgniter\CodeIgniter->run()
#8 {main}
CRITICAL - 2021-08-23 09:35:19 --> syntax error, unexpected 'session' (T_STRING)
#0 /Library/WebServer/Documents/lineart/system/Autoloader/Autoloader.php(282): CodeIgniter\Autoloader\Autoloader->includeFile('/Library/WebSer...')
#1 /Library/WebServer/Documents/lineart/system/Autoloader/Autoloader.php(247): CodeIgniter\Autoloader\Autoloader->loadInNamespace('App\\Controllers...')
#2 [internal function]: CodeIgniter\Autoloader\Autoloader->loadClass('App\\Controllers...')
#3 [internal function]: spl_autoload_call('App\\Controllers...')
#4 /Library/WebServer/Documents/lineart/system/CodeIgniter.php(888): class_exists('\\App\\Controller...', true)
#5 /Library/WebServer/Documents/lineart/system/CodeIgniter.php(424): CodeIgniter\CodeIgniter->startController()
#6 /Library/WebServer/Documents/lineart/system/CodeIgniter.php(339): CodeIgniter\CodeIgniter->handleRequest(NULL, Object(Config\Cache), false)
#7 /Library/WebServer/Documents/lineart/public/index.php(36): CodeIgniter\CodeIgniter->run()
#8 {main}
CRITICAL - 2021-08-23 09:35:24 --> Undefined index: panier
#0 /Library/WebServer/Documents/lineart/app/Views/templates/header.php(46): CodeIgniter\Debug\Exceptions->errorHandler(8, 'Undefined index...', '/Library/WebSer...', 46, Array)
#1 /Library/WebServer/Documents/lineart/system/View/View.php(230): include('/Library/WebSer...')
#2 /Library/WebServer/Documents/lineart/system/View/View.php(232): CodeIgniter\View\View->CodeIgniter\View\{closure}()
#3 /Library/WebServer/Documents/lineart/system/Common.php(1250): CodeIgniter\View\View->render('templates/heade...', Array, true)
#4 /Library/WebServer/Documents/lineart/app/Controllers/Pages.php(156): view('templates/heade...', Array)
#5 /Library/WebServer/Documents/lineart/system/CodeIgniter.php(931): App\Controllers\Pages->home()
#6 /Library/WebServer/Documents/lineart/system/CodeIgniter.php(439): CodeIgniter\CodeIgniter->runController(Object(App\Controllers\Pages))
#7 /Library/WebServer/Documents/lineart/system/CodeIgniter.php(339): CodeIgniter\CodeIgniter->handleRequest(NULL, Object(Config\Cache), false)
#8 /Library/WebServer/Documents/lineart/public/index.php(36): CodeIgniter\CodeIgniter->run()
#9 {main}
CRITICAL - 2021-08-23 09:35:46 --> Undefined index: panier
#0 /Library/WebServer/Documents/lineart/app/Views/templates/header.php(46): CodeIgniter\Debug\Exceptions->errorHandler(8, 'Undefined index...', '/Library/WebSer...', 46, Array)
#1 /Library/WebServer/Documents/lineart/system/View/View.php(230): include('/Library/WebSer...')
#2 /Library/WebServer/Documents/lineart/system/View/View.php(232): CodeIgniter\View\View->CodeIgniter\View\{closure}()
#3 /Library/WebServer/Documents/lineart/system/Common.php(1250): CodeIgniter\View\View->render('templates/heade...', Array, true)
#4 /Library/WebServer/Documents/lineart/app/Controllers/Pages.php(156): view('templates/heade...', Array)
#5 /Library/WebServer/Documents/lineart/system/CodeIgniter.php(931): App\Controllers\Pages->home()
#6 /Library/WebServer/Documents/lineart/system/CodeIgniter.php(439): CodeIgniter\CodeIgniter->runController(Object(App\Controllers\Pages))
#7 /Library/WebServer/Documents/lineart/system/CodeIgniter.php(339): CodeIgniter\CodeIgniter->handleRequest(NULL, Object(Config\Cache), false)
#8 /Library/WebServer/Documents/lineart/public/index.php(36): CodeIgniter\CodeIgniter->run()
#9 {main}
CRITICAL - 2021-08-23 09:36:17 --> Undefined index: panier
#0 /Library/WebServer/Documents/lineart/app/Views/templates/header.php(46): CodeIgniter\Debug\Exceptions->errorHandler(8, 'Undefined index...', '/Library/WebSer...', 46, Array)
#1 /Library/WebServer/Documents/lineart/system/View/View.php(230): include('/Library/WebSer...')
#2 /Library/WebServer/Documents/lineart/system/View/View.php(232): CodeIgniter\View\View->CodeIgniter\View\{closure}()
#3 /Library/WebServer/Documents/lineart/system/Common.php(1250): CodeIgniter\View\View->render('templates/heade...', Array, true)
#4 /Library/WebServer/Documents/lineart/app/Controllers/Pages.php(156): view('templates/heade...', Array)
#5 /Library/WebServer/Documents/lineart/system/CodeIgniter.php(931): App\Controllers\Pages->home()
#6 /Library/WebServer/Documents/lineart/system/CodeIgniter.php(439): CodeIgniter\CodeIgniter->runController(Object(App\Controllers\Pages))
#7 /Library/WebServer/Documents/lineart/system/CodeIgniter.php(339): CodeIgniter\CodeIgniter->handleRequest(NULL, Object(Config\Cache), false)
#8 /Library/WebServer/Documents/lineart/public/index.php(36): CodeIgniter\CodeIgniter->run()
#9 {main}
CRITICAL - 2021-08-23 10:40:19 --> Undefined variable: _SESSION
#0 /Library/WebServer/Documents/lineart/app/Controllers/Pages.php(415): CodeIgniter\Debug\Exceptions->errorHandler(8, 'Undefined varia...', '/Library/WebSer...', 415, Array)
#1 /Library/WebServer/Documents/lineart/system/CodeIgniter.php(931): App\Controllers\Pages->viderPanier()
#2 /Library/WebServer/Documents/lineart/system/CodeIgniter.php(439): CodeIgniter\CodeIgniter->runController(Object(App\Controllers\Pages))
#3 /Library/WebServer/Documents/lineart/system/CodeIgniter.php(339): CodeIgniter\CodeIgniter->handleRequest(NULL, Object(Config\Cache), false)
#4 /Library/WebServer/Documents/lineart/public/index.php(36): CodeIgniter\CodeIgniter->run()
#5 {main}
CRITICAL - 2021-08-23 10:40:53 --> Undefined variable: _SESSION
#0 /Library/WebServer/Documents/lineart/app/Controllers/Pages.php(415): CodeIgniter\Debug\Exceptions->errorHandler(8, 'Undefined varia...', '/Library/WebSer...', 415, Array)
#1 /Library/WebServer/Documents/lineart/system/CodeIgniter.php(931): App\Controllers\Pages->viderPanier()
#2 /Library/WebServer/Documents/lineart/system/CodeIgniter.php(439): CodeIgniter\CodeIgniter->runController(Object(App\Controllers\Pages))
#3 /Library/WebServer/Documents/lineart/system/CodeIgniter.php(339): CodeIgniter\CodeIgniter->handleRequest(NULL, Object(Config\Cache), false)
#4 /Library/WebServer/Documents/lineart/public/index.php(36): CodeIgniter\CodeIgniter->run()
#5 {main}
CRITICAL - 2021-08-23 10:44:20 --> Undefined variable: GLOBAL
#0 /Library/WebServer/Documents/lineart/app/Controllers/Pages.php(415): CodeIgniter\Debug\Exceptions->errorHandler(8, 'Undefined varia...', '/Library/WebSer...', 415, Array)
#1 /Library/WebServer/Documents/lineart/system/CodeIgniter.php(931): App\Controllers\Pages->viderPanier()
#2 /Library/WebServer/Documents/lineart/system/CodeIgniter.php(439): CodeIgniter\CodeIgniter->runController(Object(App\Controllers\Pages))
#3 /Library/WebServer/Documents/lineart/system/CodeIgniter.php(339): CodeIgniter\CodeIgniter->handleRequest(NULL, Object(Config\Cache), false)
#4 /Library/WebServer/Documents/lineart/public/index.php(36): CodeIgniter\CodeIgniter->run()
#5 {main}
CRITICAL - 2021-08-23 10:44:29 --> Undefined variable: _GLOBAL
#0 /Library/WebServer/Documents/lineart/app/Controllers/Pages.php(415): CodeIgniter\Debug\Exceptions->errorHandler(8, 'Undefined varia...', '/Library/WebSer...', 415, Array)
#1 /Library/WebServer/Documents/lineart/system/CodeIgniter.php(931): App\Controllers\Pages->viderPanier()
#2 /Library/WebServer/Documents/lineart/system/CodeIgniter.php(439): CodeIgniter\CodeIgniter->runController(Object(App\Controllers\Pages))
#3 /Library/WebServer/Documents/lineart/system/CodeIgniter.php(339): CodeIgniter\CodeIgniter->handleRequest(NULL, Object(Config\Cache), false)
#4 /Library/WebServer/Documents/lineart/public/index.php(36): CodeIgniter\CodeIgniter->run()
#5 {main}
CRITICAL - 2021-08-23 10:46:33 --> Undefined variable: _GLOBAL
#0 /Library/WebServer/Documents/lineart/app/Controllers/Pages.php(416): CodeIgniter\Debug\Exceptions->errorHandler(8, 'Undefined varia...', '/Library/WebSer...', 416, Array)
#1 /Library/WebServer/Documents/lineart/system/CodeIgniter.php(931): App\Controllers\Pages->viderPanier()
#2 /Library/WebServer/Documents/lineart/system/CodeIgniter.php(439): CodeIgniter\CodeIgniter->runController(Object(App\Controllers\Pages))
#3 /Library/WebServer/Documents/lineart/system/CodeIgniter.php(339): CodeIgniter\CodeIgniter->handleRequest(NULL, Object(Config\Cache), false)
#4 /Library/WebServer/Documents/lineart/public/index.php(36): CodeIgniter\CodeIgniter->run()
#5 {main}
CRITICAL - 2021-08-23 10:46:41 --> Undefined index: panier
#0 /Library/WebServer/Documents/lineart/app/Views/templates/header.php(46): CodeIgniter\Debug\Exceptions->errorHandler(8, 'Undefined index...', '/Library/WebSer...', 46, Array)
#1 /Library/WebServer/Documents/lineart/system/View/View.php(230): include('/Library/WebSer...')
#2 /Library/WebServer/Documents/lineart/system/View/View.php(232): CodeIgniter\View\View->CodeIgniter\View\{closure}()
#3 /Library/WebServer/Documents/lineart/system/Common.php(1250): CodeIgniter\View\View->render('templates/heade...', Array, true)
#4 /Library/WebServer/Documents/lineart/app/Controllers/Pages.php(362): view('templates/heade...')
#5 /Library/WebServer/Documents/lineart/system/CodeIgniter.php(931): App\Controllers\Pages->panier()
#6 /Library/WebServer/Documents/lineart/system/CodeIgniter.php(439): CodeIgniter\CodeIgniter->runController(Object(App\Controllers\Pages))
#7 /Library/WebServer/Documents/lineart/system/CodeIgniter.php(339): CodeIgniter\CodeIgniter->handleRequest(NULL, Object(Config\Cache), false)
#8 /Library/WebServer/Documents/lineart/public/index.php(36): CodeIgniter\CodeIgniter->run()
#9 {main}
CRITICAL - 2021-08-23 10:58:46 --> Cannot redeclare App\Controllers\Pages::ajoutArticle()
#0 [internal function]: CodeIgniter\Debug\Exceptions->shutdownHandler()
#1 {main}
CRITICAL - 2021-08-23 13:33:37 --> Undefined index: totalProduit
#0 /Library/WebServer/Documents/lineart/app/Controllers/Pages.php(533): CodeIgniter\Debug\Exceptions->errorHandler(8, 'Undefined index...', '/Library/WebSer...', 533, Array)
#1 /Library/WebServer/Documents/lineart/app/Controllers/Pages.php(362): App\Controllers\Pages->totalPanier()
#2 /Library/WebServer/Documents/lineart/system/CodeIgniter.php(931): App\Controllers\Pages->panier()
#3 /Library/WebServer/Documents/lineart/system/CodeIgniter.php(439): CodeIgniter\CodeIgniter->runController(Object(App\Controllers\Pages))
#4 /Library/WebServer/Documents/lineart/system/CodeIgniter.php(339): CodeIgniter\CodeIgniter->handleRequest(NULL, Object(Config\Cache), false)
#5 /Library/WebServer/Documents/lineart/public/index.php(36): CodeIgniter\CodeIgniter->run()
#6 {main}
CRITICAL - 2021-08-23 13:34:28 --> Undefined index: totalProduit
#0 /Library/WebServer/Documents/lineart/app/Controllers/Pages.php(533): CodeIgniter\Debug\Exceptions->errorHandler(8, 'Undefined index...', '/Library/WebSer...', 533, Array)
#1 /Library/WebServer/Documents/lineart/app/Controllers/Pages.php(362): App\Controllers\Pages->totalPanier()
#2 /Library/WebServer/Documents/lineart/system/CodeIgniter.php(931): App\Controllers\Pages->panier()
#3 /Library/WebServer/Documents/lineart/system/CodeIgniter.php(439): CodeIgniter\CodeIgniter->runController(Object(App\Controllers\Pages))
#4 /Library/WebServer/Documents/lineart/system/CodeIgniter.php(339): CodeIgniter\CodeIgniter->handleRequest(NULL, Object(Config\Cache), false)
#5 /Library/WebServer/Documents/lineart/public/index.php(36): CodeIgniter\CodeIgniter->run()
#6 {main}
CRITICAL - 2021-08-23 13:39:08 --> Undefined index: verrou
#0 /Library/WebServer/Documents/lineart/app/Controllers/Pages.php(449): CodeIgniter\Debug\Exceptions->errorHandler(8, 'Undefined index...', '/Library/WebSer...', 449, Array)
#1 /Library/WebServer/Documents/lineart/system/CodeIgniter.php(931): App\Controllers\Pages->supprArticlePanier()
#2 /Library/WebServer/Documents/lineart/system/CodeIgniter.php(439): CodeIgniter\CodeIgniter->runController(Object(App\Controllers\Pages))
#3 /Library/WebServer/Documents/lineart/system/CodeIgniter.php(339): CodeIgniter\CodeIgniter->handleRequest(NULL, Object(Config\Cache), false)
#4 /Library/WebServer/Documents/lineart/public/index.php(36): CodeIgniter\CodeIgniter->run()
#5 {main}
CRITICAL - 2021-08-23 13:49:25 --> Undefined variable: tt
#0 /Library/WebServer/Documents/lineart/app/Controllers/Pages.php(484): CodeIgniter\Debug\Exceptions->errorHandler(8, 'Undefined varia...', '/Library/WebSer...', 484, Array)
#1 /Library/WebServer/Documents/lineart/system/CodeIgniter.php(931): App\Controllers\Pages->retirerArticlePanier()
#2 /Library/WebServer/Documents/lineart/system/CodeIgniter.php(439): CodeIgniter\CodeIgniter->runController(Object(App\Controllers\Pages))
#3 /Library/WebServer/Documents/lineart/system/CodeIgniter.php(339): CodeIgniter\CodeIgniter->handleRequest(NULL, Object(Config\Cache), false)
#4 /Library/WebServer/Documents/lineart/public/index.php(36): CodeIgniter\CodeIgniter->run()
#5 {main}
CRITICAL - 2021-08-23 14:15:26 --> Undefined variable: _SESSION
#0 /Library/WebServer/Documents/lineart/app/Controllers/Pages.php(559): CodeIgniter\Debug\Exceptions->errorHandler(8, 'Undefined varia...', '/Library/WebSer...', 559, Array)
#1 /Library/WebServer/Documents/lineart/system/CodeIgniter.php(931): App\Controllers\Pages->validerPanier()
#2 /Library/WebServer/Documents/lineart/system/CodeIgniter.php(439): CodeIgniter\CodeIgniter->runController(Object(App\Controllers\Pages))
#3 /Library/WebServer/Documents/lineart/system/CodeIgniter.php(339): CodeIgniter\CodeIgniter->handleRequest(NULL, Object(Config\Cache), false)
#4 /Library/WebServer/Documents/lineart/public/index.php(36): CodeIgniter\CodeIgniter->run()
#5 {main}
CRITICAL - 2021-08-23 14:34:56 --> Undefined index: panier
#0 /Library/WebServer/Documents/lineart/app/Controllers/Pages.php(560): CodeIgniter\Debug\Exceptions->errorHandler(8, 'Undefined index...', '/Library/WebSer...', 560, Array)
#1 /Library/WebServer/Documents/lineart/system/CodeIgniter.php(931): App\Controllers\Pages->validerPanier()
#2 /Library/WebServer/Documents/lineart/system/CodeIgniter.php(439): CodeIgniter\CodeIgniter->runController(Object(App\Controllers\Pages))
#3 /Library/WebServer/Documents/lineart/system/CodeIgniter.php(339): CodeIgniter\CodeIgniter->handleRequest(NULL, Object(Config\Cache), false)
#4 /Library/WebServer/Documents/lineart/public/index.php(36): CodeIgniter\CodeIgniter->run()
#5 {main}
CRITICAL - 2021-08-23 14:58:33 --> Undefined property: App\Filters\Panier::$session
#0 /Library/WebServer/Documents/lineart/app/Filters/Panier.php(14): CodeIgniter\Debug\Exceptions->errorHandler(8, 'Undefined prope...', '/Library/WebSer...', 14, Array)
#1 /Library/WebServer/Documents/lineart/system/Filters/Filters.php(181): App\Filters\Panier->before(Object(CodeIgniter\HTTP\IncomingRequest), NULL)
#2 /Library/WebServer/Documents/lineart/system/CodeIgniter.php(410): CodeIgniter\Filters\Filters->run('validerpanier', 'before')
#3 /Library/WebServer/Documents/lineart/system/CodeIgniter.php(339): CodeIgniter\CodeIgniter->handleRequest(NULL, Object(Config\Cache), false)
#4 /Library/WebServer/Documents/lineart/public/index.php(36): CodeIgniter\CodeIgniter->run()
#5 {main}
CRITICAL - 2021-08-23 14:58:38 --> Undefined property: App\Filters\Panier::$session
#0 /Library/WebServer/Documents/lineart/app/Filters/Panier.php(14): CodeIgniter\Debug\Exceptions->errorHandler(8, 'Undefined prope...', '/Library/WebSer...', 14, Array)
#1 /Library/WebServer/Documents/lineart/system/Filters/Filters.php(181): App\Filters\Panier->before(Object(CodeIgniter\HTTP\IncomingRequest), NULL)
#2 /Library/WebServer/Documents/lineart/system/CodeIgniter.php(410): CodeIgniter\Filters\Filters->run('validerpanier', 'before')
#3 /Library/WebServer/Documents/lineart/system/CodeIgniter.php(339): CodeIgniter\CodeIgniter->handleRequest(NULL, Object(Config\Cache), false)
#4 /Library/WebServer/Documents/lineart/public/index.php(36): CodeIgniter\CodeIgniter->run()
#5 {main}
CRITICAL - 2021-08-23 14:59:15 --> Undefined property: App\Filters\Panier::$session
#0 /Library/WebServer/Documents/lineart/app/Filters/Panier.php(15): CodeIgniter\Debug\Exceptions->errorHandler(8, 'Undefined prope...', '/Library/WebSer...', 15, Array)
#1 /Library/WebServer/Documents/lineart/system/Filters/Filters.php(181): App\Filters\Panier->before(Object(CodeIgniter\HTTP\IncomingRequest), NULL)
#2 /Library/WebServer/Documents/lineart/system/CodeIgniter.php(410): CodeIgniter\Filters\Filters->run('validerpanier', 'before')
#3 /Library/WebServer/Documents/lineart/system/CodeIgniter.php(339): CodeIgniter\CodeIgniter->handleRequest(NULL, Object(Config\Cache), false)
#4 /Library/WebServer/Documents/lineart/public/index.php(36): CodeIgniter\CodeIgniter->run()
#5 {main}
CRITICAL - 2021-08-23 15:00:12 --> Call to undefined method CodeIgniter\Session\Session::userdata()
#0 /Library/WebServer/Documents/lineart/system/Filters/Filters.php(181): App\Filters\Panier->before(Object(CodeIgniter\HTTP\IncomingRequest), NULL)
#1 /Library/WebServer/Documents/lineart/system/CodeIgniter.php(410): CodeIgniter\Filters\Filters->run('validerpanier', 'before')
#2 /Library/WebServer/Documents/lineart/system/CodeIgniter.php(339): CodeIgniter\CodeIgniter->handleRequest(NULL, Object(Config\Cache), false)
#3 /Library/WebServer/Documents/lineart/public/index.php(36): CodeIgniter\CodeIgniter->run()
#4 {main}
CRITICAL - 2021-08-23 15:00:46 --> Undefined index: HTTP_REFERER
#0 /Library/WebServer/Documents/lineart/app/Filters/Panier.php(14): CodeIgniter\Debug\Exceptions->errorHandler(8, 'Undefined index...', '/Library/WebSer...', 14, Array)
#1 /Library/WebServer/Documents/lineart/system/Filters/Filters.php(181): App\Filters\Panier->before(Object(CodeIgniter\HTTP\IncomingRequest), NULL)
#2 /Library/WebServer/Documents/lineart/system/CodeIgniter.php(410): CodeIgniter\Filters\Filters->run('validerpanier', 'before')
#3 /Library/WebServer/Documents/lineart/system/CodeIgniter.php(339): CodeIgniter\CodeIgniter->handleRequest(NULL, Object(Config\Cache), false)
#4 /Library/WebServer/Documents/lineart/public/index.php(36): CodeIgniter\CodeIgniter->run()
#5 {main}
CRITICAL - 2021-08-23 15:00:57 --> Undefined index: HTTP_REFERER
#0 /Library/WebServer/Documents/lineart/app/Filters/Panier.php(14): CodeIgniter\Debug\Exceptions->errorHandler(8, 'Undefined index...', '/Library/WebSer...', 14, Array)
#1 /Library/WebServer/Documents/lineart/system/Filters/Filters.php(181): App\Filters\Panier->before(Object(CodeIgniter\HTTP\IncomingRequest), NULL)
#2 /Library/WebServer/Documents/lineart/system/CodeIgniter.php(410): CodeIgniter\Filters\Filters->run('validerpanier', 'before')
#3 /Library/WebServer/Documents/lineart/system/CodeIgniter.php(339): CodeIgniter\CodeIgniter->handleRequest(NULL, Object(Config\Cache), false)
#4 /Library/WebServer/Documents/lineart/public/index.php(36): CodeIgniter\CodeIgniter->run()
#5 {main}
CRITICAL - 2021-08-23 15:01:54 --> Undefined index: HTTP_REFERER
#0 /Library/WebServer/Documents/lineart/app/Filters/Panier.php(14): CodeIgniter\Debug\Exceptions->errorHandler(8, 'Undefined index...', '/Library/WebSer...', 14, Array)
#1 /Library/WebServer/Documents/lineart/system/Filters/Filters.php(181): App\Filters\Panier->before(Object(CodeIgniter\HTTP\IncomingRequest), NULL)
#2 /Library/WebServer/Documents/lineart/system/CodeIgniter.php(410): CodeIgniter\Filters\Filters->run('validerpanier', 'before')
#3 /Library/WebServer/Documents/lineart/system/CodeIgniter.php(339): CodeIgniter\CodeIgniter->handleRequest(NULL, Object(Config\Cache), false)
#4 /Library/WebServer/Documents/lineart/public/index.php(36): CodeIgniter\CodeIgniter->run()
#5 {main}
CRITICAL - 2021-08-23 15:01:55 --> Undefined index: HTTP_REFERER
#0 /Library/WebServer/Documents/lineart/app/Filters/Panier.php(14): CodeIgniter\Debug\Exceptions->errorHandler(8, 'Undefined index...', '/Library/WebSer...', 14, Array)
#1 /Library/WebServer/Documents/lineart/system/Filters/Filters.php(181): App\Filters\Panier->before(Object(CodeIgniter\HTTP\IncomingRequest), NULL)
#2 /Library/WebServer/Documents/lineart/system/CodeIgniter.php(410): CodeIgniter\Filters\Filters->run('validerpanier', 'before')
#3 /Library/WebServer/Documents/lineart/system/CodeIgniter.php(339): CodeIgniter\CodeIgniter->handleRequest(NULL, Object(Config\Cache), false)
#4 /Library/WebServer/Documents/lineart/public/index.php(36): CodeIgniter\CodeIgniter->run()
#5 {main}
CRITICAL - 2021-08-23 15:02:13 --> Call to undefined function App\Filters\library()
#0 /Library/WebServer/Documents/lineart/system/Filters/Filters.php(181): App\Filters\Panier->before(Object(CodeIgniter\HTTP\IncomingRequest), NULL)
#1 /Library/WebServer/Documents/lineart/system/CodeIgniter.php(410): CodeIgniter\Filters\Filters->run('validerpanier', 'before')
#2 /Library/WebServer/Documents/lineart/system/CodeIgniter.php(339): CodeIgniter\CodeIgniter->handleRequest(NULL, Object(Config\Cache), false)
#3 /Library/WebServer/Documents/lineart/public/index.php(36): CodeIgniter\CodeIgniter->run()
#4 {main}
CRITICAL - 2021-08-23 15:02:23 --> Undefined index: HTTP_REFERER
#0 /Library/WebServer/Documents/lineart/app/Filters/Panier.php(13): CodeIgniter\Debug\Exceptions->errorHandler(8, 'Undefined index...', '/Library/WebSer...', 13, Array)
#1 /Library/WebServer/Documents/lineart/system/Filters/Filters.php(181): App\Filters\Panier->before(Object(CodeIgniter\HTTP\IncomingRequest), NULL)
#2 /Library/WebServer/Documents/lineart/system/CodeIgniter.php(410): CodeIgniter\Filters\Filters->run('validerpanier', 'before')
#3 /Library/WebServer/Documents/lineart/system/CodeIgniter.php(339): CodeIgniter\CodeIgniter->handleRequest(NULL, Object(Config\Cache), false)
#4 /Library/WebServer/Documents/lineart/public/index.php(36): CodeIgniter\CodeIgniter->run()
#5 {main}
