CRITICAL - 2021-08-25 02:05:16 --> Undefined variable: uri
#0 /Library/WebServer/Documents/lineart/app/Views/pages/store.php(10): CodeIgniter\Debug\Exceptions->errorHandler(8, 'Undefined varia...', '/Library/WebSer...', 10, Array)
#1 /Library/WebServer/Documents/lineart/system/View/View.php(230): include('/Library/WebSer...')
#2 /Library/WebServer/Documents/lineart/system/View/View.php(232): CodeIgniter\View\View->CodeIgniter\View\{closure}()
#3 /Library/WebServer/Documents/lineart/system/Common.php(1250): CodeIgniter\View\View->render('pages/store', Array, true)
#4 /Library/WebServer/Documents/lineart/app/Controllers/Pages.php(167): view('pages/store')
#5 /Library/WebServer/Documents/lineart/system/CodeIgniter.php(931): App\Controllers\Pages->store()
#6 /Library/WebServer/Documents/lineart/system/CodeIgniter.php(439): CodeIgniter\CodeIgniter->runController(Object(App\Controllers\Pages))
#7 /Library/WebServer/Documents/lineart/system/CodeIgniter.php(339): CodeIgniter\CodeIgniter->handleRequest(NULL, Object(Config\Cache), false)
#8 /Library/WebServer/Documents/lineart/public/index.php(36): CodeIgniter\CodeIgniter->run()
#9 {main}
CRITICAL - 2021-08-25 03:32:02 --> str_split() expects parameter 2 to be int, string given
#0 [internal function]: CodeIgniter\Debug\Exceptions->errorHandler(2, 'str_split() exp...', '/Library/WebSer...', 2, Array)
#1 /Library/WebServer/Documents/lineart/app/Views/pages/achats.php(2): str_split('4,35,276,89264', ',')
#2 /Library/WebServer/Documents/lineart/system/View/View.php(230): include('/Library/WebSer...')
#3 /Library/WebServer/Documents/lineart/system/View/View.php(232): CodeIgniter\View\View->CodeIgniter\View\{closure}()
#4 /Library/WebServer/Documents/lineart/system/Common.php(1250): CodeIgniter\View\View->render('pages/achats', Array, true)
#5 /Library/WebServer/Documents/lineart/app/Controllers/Pages.php(403): view('pages/achats')
#6 /Library/WebServer/Documents/lineart/system/CodeIgniter.php(931): App\Controllers\Pages->achats()
#7 /Library/WebServer/Documents/lineart/system/CodeIgniter.php(439): CodeIgniter\CodeIgniter->runController(Object(App\Controllers\Pages))
#8 /Library/WebServer/Documents/lineart/system/CodeIgniter.php(339): CodeIgniter\CodeIgniter->handleRequest(NULL, Object(Config\Cache), false)
#9 /Library/WebServer/Documents/lineart/public/index.php(36): CodeIgniter\CodeIgniter->run()
#10 {main}
CRITICAL - 2021-08-25 03:51:08 --> array_push() expects parameter 1 to be array, null given
#0 [internal function]: CodeIgniter\Debug\Exceptions->errorHandler(2, 'array_push() ex...', '/Library/WebSer...', 409, Array)
#1 /Library/WebServer/Documents/lineart/app/Controllers/Pages.php(409): array_push(NULL, NULL)
#2 /Library/WebServer/Documents/lineart/system/CodeIgniter.php(931): App\Controllers\Pages->achats()
#3 /Library/WebServer/Documents/lineart/system/CodeIgniter.php(439): CodeIgniter\CodeIgniter->runController(Object(App\Controllers\Pages))
#4 /Library/WebServer/Documents/lineart/system/CodeIgniter.php(339): CodeIgniter\CodeIgniter->handleRequest(NULL, Object(Config\Cache), false)
#5 /Library/WebServer/Documents/lineart/public/index.php(36): CodeIgniter\CodeIgniter->run()
#6 {main}
CRITICAL - 2021-08-25 03:51:30 --> array_push() expects parameter 1 to be array, null given
#0 [internal function]: CodeIgniter\Debug\Exceptions->errorHandler(2, 'array_push() ex...', '/Library/WebSer...', 410, Array)
#1 /Library/WebServer/Documents/lineart/app/Controllers/Pages.php(410): array_push(NULL, NULL)
#2 /Library/WebServer/Documents/lineart/system/CodeIgniter.php(931): App\Controllers\Pages->achats()
#3 /Library/WebServer/Documents/lineart/system/CodeIgniter.php(439): CodeIgniter\CodeIgniter->runController(Object(App\Controllers\Pages))
#4 /Library/WebServer/Documents/lineart/system/CodeIgniter.php(339): CodeIgniter\CodeIgniter->handleRequest(NULL, Object(Config\Cache), false)
#5 /Library/WebServer/Documents/lineart/public/index.php(36): CodeIgniter\CodeIgniter->run()
#6 {main}
CRITICAL - 2021-08-25 03:51:31 --> array_push() expects parameter 1 to be array, null given
#0 [internal function]: CodeIgniter\Debug\Exceptions->errorHandler(2, 'array_push() ex...', '/Library/WebSer...', 410, Array)
#1 /Library/WebServer/Documents/lineart/app/Controllers/Pages.php(410): array_push(NULL, NULL)
#2 /Library/WebServer/Documents/lineart/system/CodeIgniter.php(931): App\Controllers\Pages->achats()
#3 /Library/WebServer/Documents/lineart/system/CodeIgniter.php(439): CodeIgniter\CodeIgniter->runController(Object(App\Controllers\Pages))
#4 /Library/WebServer/Documents/lineart/system/CodeIgniter.php(339): CodeIgniter\CodeIgniter->handleRequest(NULL, Object(Config\Cache), false)
#5 /Library/WebServer/Documents/lineart/public/index.php(36): CodeIgniter\CodeIgniter->run()
#6 {main}
CRITICAL - 2021-08-25 03:51:41 --> array_push() expects parameter 1 to be array, null given
#0 [internal function]: CodeIgniter\Debug\Exceptions->errorHandler(2, 'array_push() ex...', '/Library/WebSer...', 409, Array)
#1 /Library/WebServer/Documents/lineart/app/Controllers/Pages.php(409): array_push(NULL, NULL)
#2 /Library/WebServer/Documents/lineart/system/CodeIgniter.php(931): App\Controllers\Pages->achats()
#3 /Library/WebServer/Documents/lineart/system/CodeIgniter.php(439): CodeIgniter\CodeIgniter->runController(Object(App\Controllers\Pages))
#4 /Library/WebServer/Documents/lineart/system/CodeIgniter.php(339): CodeIgniter\CodeIgniter->handleRequest(NULL, Object(Config\Cache), false)
#5 /Library/WebServer/Documents/lineart/public/index.php(36): CodeIgniter\CodeIgniter->run()
#6 {main}
CRITICAL - 2021-08-25 03:52:43 --> array_push() expects parameter 1 to be array, null given
#0 [internal function]: CodeIgniter\Debug\Exceptions->errorHandler(2, 'array_push() ex...', '/Library/WebSer...', 409, Array)
#1 /Library/WebServer/Documents/lineart/app/Controllers/Pages.php(409): array_push(NULL, '1')
#2 /Library/WebServer/Documents/lineart/system/CodeIgniter.php(931): App\Controllers\Pages->achats()
#3 /Library/WebServer/Documents/lineart/system/CodeIgniter.php(439): CodeIgniter\CodeIgniter->runController(Object(App\Controllers\Pages))
#4 /Library/WebServer/Documents/lineart/system/CodeIgniter.php(339): CodeIgniter\CodeIgniter->handleRequest(NULL, Object(Config\Cache), false)
#5 /Library/WebServer/Documents/lineart/public/index.php(36): CodeIgniter\CodeIgniter->run()
#6 {main}
CRITICAL - 2021-08-25 03:52:44 --> array_push() expects parameter 1 to be array, null given
#0 [internal function]: CodeIgniter\Debug\Exceptions->errorHandler(2, 'array_push() ex...', '/Library/WebSer...', 409, Array)
#1 /Library/WebServer/Documents/lineart/app/Controllers/Pages.php(409): array_push(NULL, '1')
#2 /Library/WebServer/Documents/lineart/system/CodeIgniter.php(931): App\Controllers\Pages->achats()
#3 /Library/WebServer/Documents/lineart/system/CodeIgniter.php(439): CodeIgniter\CodeIgniter->runController(Object(App\Controllers\Pages))
#4 /Library/WebServer/Documents/lineart/system/CodeIgniter.php(339): CodeIgniter\CodeIgniter->handleRequest(NULL, Object(Config\Cache), false)
#5 /Library/WebServer/Documents/lineart/public/index.php(36): CodeIgniter\CodeIgniter->run()
#6 {main}
CRITICAL - 2021-08-25 03:53:32 --> array_push() expects parameter 1 to be array, null given
#0 [internal function]: CodeIgniter\Debug\Exceptions->errorHandler(2, 'array_push() ex...', '/Library/WebSer...', 411, Array)
#1 /Library/WebServer/Documents/lineart/app/Controllers/Pages.php(411): array_push(NULL, '1')
#2 /Library/WebServer/Documents/lineart/system/CodeIgniter.php(931): App\Controllers\Pages->achats()
#3 /Library/WebServer/Documents/lineart/system/CodeIgniter.php(439): CodeIgniter\CodeIgniter->runController(Object(App\Controllers\Pages))
#4 /Library/WebServer/Documents/lineart/system/CodeIgniter.php(339): CodeIgniter\CodeIgniter->handleRequest(NULL, Object(Config\Cache), false)
#5 /Library/WebServer/Documents/lineart/public/index.php(36): CodeIgniter\CodeIgniter->run()
#6 {main}
CRITICAL - 2021-08-25 03:53:32 --> array_push() expects parameter 1 to be array, null given
#0 [internal function]: CodeIgniter\Debug\Exceptions->errorHandler(2, 'array_push() ex...', '/Library/WebSer...', 411, Array)
#1 /Library/WebServer/Documents/lineart/app/Controllers/Pages.php(411): array_push(NULL, '1')
#2 /Library/WebServer/Documents/lineart/system/CodeIgniter.php(931): App\Controllers\Pages->achats()
#3 /Library/WebServer/Documents/lineart/system/CodeIgniter.php(439): CodeIgniter\CodeIgniter->runController(Object(App\Controllers\Pages))
#4 /Library/WebServer/Documents/lineart/system/CodeIgniter.php(339): CodeIgniter\CodeIgniter->handleRequest(NULL, Object(Config\Cache), false)
#5 /Library/WebServer/Documents/lineart/public/index.php(36): CodeIgniter\CodeIgniter->run()
#6 {main}
CRITICAL - 2021-08-25 03:53:43 --> array_push() expects parameter 1 to be array, null given
#0 [internal function]: CodeIgniter\Debug\Exceptions->errorHandler(2, 'array_push() ex...', '/Library/WebSer...', 411, Array)
#1 /Library/WebServer/Documents/lineart/app/Controllers/Pages.php(411): array_push(NULL, '1')
#2 /Library/WebServer/Documents/lineart/system/CodeIgniter.php(931): App\Controllers\Pages->achats()
#3 /Library/WebServer/Documents/lineart/system/CodeIgniter.php(439): CodeIgniter\CodeIgniter->runController(Object(App\Controllers\Pages))
#4 /Library/WebServer/Documents/lineart/system/CodeIgniter.php(339): CodeIgniter\CodeIgniter->handleRequest(NULL, Object(Config\Cache), false)
#5 /Library/WebServer/Documents/lineart/public/index.php(36): CodeIgniter\CodeIgniter->run()
#6 {main}
CRITICAL - 2021-08-25 03:53:44 --> array_push() expects parameter 1 to be array, null given
#0 [internal function]: CodeIgniter\Debug\Exceptions->errorHandler(2, 'array_push() ex...', '/Library/WebSer...', 411, Array)
#1 /Library/WebServer/Documents/lineart/app/Controllers/Pages.php(411): array_push(NULL, '1')
#2 /Library/WebServer/Documents/lineart/system/CodeIgniter.php(931): App\Controllers\Pages->achats()
#3 /Library/WebServer/Documents/lineart/system/CodeIgniter.php(439): CodeIgniter\CodeIgniter->runController(Object(App\Controllers\Pages))
#4 /Library/WebServer/Documents/lineart/system/CodeIgniter.php(339): CodeIgniter\CodeIgniter->handleRequest(NULL, Object(Config\Cache), false)
#5 /Library/WebServer/Documents/lineart/public/index.php(36): CodeIgniter\CodeIgniter->run()
#6 {main}
CRITICAL - 2021-08-25 03:57:11 --> Call to undefined method CodeIgniter\Database\MySQLi\Result::where()
#0 /Library/WebServer/Documents/lineart/system/CodeIgniter.php(931): App\Controllers\Pages->achats()
#1 /Library/WebServer/Documents/lineart/system/CodeIgniter.php(439): CodeIgniter\CodeIgniter->runController(Object(App\Controllers\Pages))
#2 /Library/WebServer/Documents/lineart/system/CodeIgniter.php(339): CodeIgniter\CodeIgniter->handleRequest(NULL, Object(Config\Cache), false)
#3 /Library/WebServer/Documents/lineart/public/index.php(36): CodeIgniter\CodeIgniter->run()
#4 {main}
CRITICAL - 2021-08-25 04:03:45 --> Call to undefined method CodeIgniter\Database\MySQLi\Result::as_array()
#0 /Library/WebServer/Documents/lineart/system/CodeIgniter.php(931): App\Controllers\Pages->achats()
#1 /Library/WebServer/Documents/lineart/system/CodeIgniter.php(439): CodeIgniter\CodeIgniter->runController(Object(App\Controllers\Pages))
#2 /Library/WebServer/Documents/lineart/system/CodeIgniter.php(339): CodeIgniter\CodeIgniter->handleRequest(NULL, Object(Config\Cache), false)
#3 /Library/WebServer/Documents/lineart/public/index.php(36): CodeIgniter\CodeIgniter->run()
#4 {main}
CRITICAL - 2021-08-25 04:06:10 --> array_push() expects parameter 1 to be array, null given
#0 [internal function]: CodeIgniter\Debug\Exceptions->errorHandler(2, 'array_push() ex...', '/Library/WebSer...', 409, Array)
#1 /Library/WebServer/Documents/lineart/app/Controllers/Pages.php(409): array_push(NULL, Object(App\Models\ProduitModel))
#2 /Library/WebServer/Documents/lineart/system/CodeIgniter.php(931): App\Controllers\Pages->achats()
#3 /Library/WebServer/Documents/lineart/system/CodeIgniter.php(439): CodeIgniter\CodeIgniter->runController(Object(App\Controllers\Pages))
#4 /Library/WebServer/Documents/lineart/system/CodeIgniter.php(339): CodeIgniter\CodeIgniter->handleRequest(NULL, Object(Config\Cache), false)
#5 /Library/WebServer/Documents/lineart/public/index.php(36): CodeIgniter\CodeIgniter->run()
#6 {main}
CRITICAL - 2021-08-25 04:07:21 --> Call to undefined method App\Models\ProduitModel::result_array
#0 /Library/WebServer/Documents/lineart/app/Controllers/Pages.php(410): CodeIgniter\Model->__call('result_array', Array)
#1 /Library/WebServer/Documents/lineart/system/CodeIgniter.php(931): App\Controllers\Pages->achats()
#2 /Library/WebServer/Documents/lineart/system/CodeIgniter.php(439): CodeIgniter\CodeIgniter->runController(Object(App\Controllers\Pages))
#3 /Library/WebServer/Documents/lineart/system/CodeIgniter.php(339): CodeIgniter\CodeIgniter->handleRequest(NULL, Object(Config\Cache), false)
#4 /Library/WebServer/Documents/lineart/public/index.php(36): CodeIgniter\CodeIgniter->run()
#5 {main}
CRITICAL - 2021-08-25 04:08:33 --> Call to a member function where() on array
#0 /Library/WebServer/Documents/lineart/system/CodeIgniter.php(931): App\Controllers\Pages->achats()
#1 /Library/WebServer/Documents/lineart/system/CodeIgniter.php(439): CodeIgniter\CodeIgniter->runController(Object(App\Controllers\Pages))
#2 /Library/WebServer/Documents/lineart/system/CodeIgniter.php(339): CodeIgniter\CodeIgniter->handleRequest(NULL, Object(Config\Cache), false)
#3 /Library/WebServer/Documents/lineart/public/index.php(36): CodeIgniter\CodeIgniter->run()
#4 {main}
CRITICAL - 2021-08-25 04:10:20 --> Call to undefined method App\Models\ProduitModel::selectWhere
#0 /Library/WebServer/Documents/lineart/app/Controllers/Pages.php(410): CodeIgniter\Model->__call('selectWhere', Array)
#1 /Library/WebServer/Documents/lineart/system/CodeIgniter.php(931): App\Controllers\Pages->achats()
#2 /Library/WebServer/Documents/lineart/system/CodeIgniter.php(439): CodeIgniter\CodeIgniter->runController(Object(App\Controllers\Pages))
#3 /Library/WebServer/Documents/lineart/system/CodeIgniter.php(339): CodeIgniter\CodeIgniter->handleRequest(NULL, Object(Config\Cache), false)
#4 /Library/WebServer/Documents/lineart/public/index.php(36): CodeIgniter\CodeIgniter->run()
#5 {main}
CRITICAL - 2021-08-25 04:14:38 --> Argument 1 passed to CodeIgniter\Database\BaseBuilder::get() must be of the type int or null, string given, called in /Library/WebServer/Documents/lineart/system/Model.php on line 800
#0 /Library/WebServer/Documents/lineart/system/Model.php(800): CodeIgniter\Database\BaseBuilder->get('*')
#1 /Library/WebServer/Documents/lineart/app/Controllers/Pages.php(410): CodeIgniter\Model->__call('get', Array)
#2 /Library/WebServer/Documents/lineart/system/CodeIgniter.php(931): App\Controllers\Pages->achats()
#3 /Library/WebServer/Documents/lineart/system/CodeIgniter.php(439): CodeIgniter\CodeIgniter->runController(Object(App\Controllers\Pages))
#4 /Library/WebServer/Documents/lineart/system/CodeIgniter.php(339): CodeIgniter\CodeIgniter->handleRequest(NULL, Object(Config\Cache), false)
#5 /Library/WebServer/Documents/lineart/public/index.php(36): CodeIgniter\CodeIgniter->run()
#6 {main}
CRITICAL - 2021-08-25 04:14:45 --> Argument 1 passed to CodeIgniter\Database\BaseBuilder::get() must be of the type int or null, string given, called in /Library/WebServer/Documents/lineart/system/Model.php on line 800
#0 /Library/WebServer/Documents/lineart/system/Model.php(800): CodeIgniter\Database\BaseBuilder->get('id')
#1 /Library/WebServer/Documents/lineart/app/Controllers/Pages.php(410): CodeIgniter\Model->__call('get', Array)
#2 /Library/WebServer/Documents/lineart/system/CodeIgniter.php(931): App\Controllers\Pages->achats()
#3 /Library/WebServer/Documents/lineart/system/CodeIgniter.php(439): CodeIgniter\CodeIgniter->runController(Object(App\Controllers\Pages))
#4 /Library/WebServer/Documents/lineart/system/CodeIgniter.php(339): CodeIgniter\CodeIgniter->handleRequest(NULL, Object(Config\Cache), false)
#5 /Library/WebServer/Documents/lineart/public/index.php(36): CodeIgniter\CodeIgniter->run()
#6 {main}
CRITICAL - 2021-08-25 04:14:45 --> Argument 1 passed to CodeIgniter\Database\BaseBuilder::get() must be of the type int or null, string given, called in /Library/WebServer/Documents/lineart/system/Model.php on line 800
#0 /Library/WebServer/Documents/lineart/system/Model.php(800): CodeIgniter\Database\BaseBuilder->get('id')
#1 /Library/WebServer/Documents/lineart/app/Controllers/Pages.php(410): CodeIgniter\Model->__call('get', Array)
#2 /Library/WebServer/Documents/lineart/system/CodeIgniter.php(931): App\Controllers\Pages->achats()
#3 /Library/WebServer/Documents/lineart/system/CodeIgniter.php(439): CodeIgniter\CodeIgniter->runController(Object(App\Controllers\Pages))
#4 /Library/WebServer/Documents/lineart/system/CodeIgniter.php(339): CodeIgniter\CodeIgniter->handleRequest(NULL, Object(Config\Cache), false)
#5 /Library/WebServer/Documents/lineart/public/index.php(36): CodeIgniter\CodeIgniter->run()
#6 {main}
CRITICAL - 2021-08-25 04:19:09 --> Call to undefined method CodeIgniter\Database\MySQLi\Result::result()
#0 /Library/WebServer/Documents/lineart/system/CodeIgniter.php(931): App\Controllers\Pages->achats()
#1 /Library/WebServer/Documents/lineart/system/CodeIgniter.php(439): CodeIgniter\CodeIgniter->runController(Object(App\Controllers\Pages))
#2 /Library/WebServer/Documents/lineart/system/CodeIgniter.php(339): CodeIgniter\CodeIgniter->handleRequest(NULL, Object(Config\Cache), false)
#3 /Library/WebServer/Documents/lineart/public/index.php(36): CodeIgniter\CodeIgniter->run()
#4 {main}
CRITICAL - 2021-08-25 04:26:51 --> Call to undefined method App\Models\ProduitModel::get_where
#0 /Library/WebServer/Documents/lineart/app/Controllers/Pages.php(410): CodeIgniter\Model->__call('get_where', Array)
#1 /Library/WebServer/Documents/lineart/system/CodeIgniter.php(931): App\Controllers\Pages->achats()
#2 /Library/WebServer/Documents/lineart/system/CodeIgniter.php(439): CodeIgniter\CodeIgniter->runController(Object(App\Controllers\Pages))
#3 /Library/WebServer/Documents/lineart/system/CodeIgniter.php(339): CodeIgniter\CodeIgniter->handleRequest(NULL, Object(Config\Cache), false)
#4 /Library/WebServer/Documents/lineart/public/index.php(36): CodeIgniter\CodeIgniter->run()
#5 {main}
CRITICAL - 2021-08-25 04:38:14 --> syntax error, unexpected '}', expecting ';' or ','
#0 /Library/WebServer/Documents/lineart/system/View/View.php(232): CodeIgniter\View\View->CodeIgniter\View\{closure}()
#1 /Library/WebServer/Documents/lineart/system/Common.php(1250): CodeIgniter\View\View->render('pages/achats', Array, true)
#2 /Library/WebServer/Documents/lineart/app/Controllers/Pages.php(414): view('pages/achats')
#3 /Library/WebServer/Documents/lineart/system/CodeIgniter.php(931): App\Controllers\Pages->achats()
#4 /Library/WebServer/Documents/lineart/system/CodeIgniter.php(439): CodeIgniter\CodeIgniter->runController(Object(App\Controllers\Pages))
#5 /Library/WebServer/Documents/lineart/system/CodeIgniter.php(339): CodeIgniter\CodeIgniter->handleRequest(NULL, Object(Config\Cache), false)
#6 /Library/WebServer/Documents/lineart/public/index.php(36): CodeIgniter\CodeIgniter->run()
#7 {main}
CRITICAL - 2021-08-25 04:38:20 --> syntax error, unexpected '}', expecting ';' or ','
#0 /Library/WebServer/Documents/lineart/system/View/View.php(232): CodeIgniter\View\View->CodeIgniter\View\{closure}()
#1 /Library/WebServer/Documents/lineart/system/Common.php(1250): CodeIgniter\View\View->render('pages/achats', Array, true)
#2 /Library/WebServer/Documents/lineart/app/Controllers/Pages.php(414): view('pages/achats')
#3 /Library/WebServer/Documents/lineart/system/CodeIgniter.php(931): App\Controllers\Pages->achats()
#4 /Library/WebServer/Documents/lineart/system/CodeIgniter.php(439): CodeIgniter\CodeIgniter->runController(Object(App\Controllers\Pages))
#5 /Library/WebServer/Documents/lineart/system/CodeIgniter.php(339): CodeIgniter\CodeIgniter->handleRequest(NULL, Object(Config\Cache), false)
#6 /Library/WebServer/Documents/lineart/public/index.php(36): CodeIgniter\CodeIgniter->run()
#7 {main}
CRITICAL - 2021-08-25 04:38:21 --> syntax error, unexpected '}', expecting ';' or ','
#0 /Library/WebServer/Documents/lineart/system/View/View.php(232): CodeIgniter\View\View->CodeIgniter\View\{closure}()
#1 /Library/WebServer/Documents/lineart/system/Common.php(1250): CodeIgniter\View\View->render('pages/achats', Array, true)
#2 /Library/WebServer/Documents/lineart/app/Controllers/Pages.php(414): view('pages/achats')
#3 /Library/WebServer/Documents/lineart/system/CodeIgniter.php(931): App\Controllers\Pages->achats()
#4 /Library/WebServer/Documents/lineart/system/CodeIgniter.php(439): CodeIgniter\CodeIgniter->runController(Object(App\Controllers\Pages))
#5 /Library/WebServer/Documents/lineart/system/CodeIgniter.php(339): CodeIgniter\CodeIgniter->handleRequest(NULL, Object(Config\Cache), false)
#6 /Library/WebServer/Documents/lineart/public/index.php(36): CodeIgniter\CodeIgniter->run()
#7 {main}
CRITICAL - 2021-08-25 04:38:28 --> syntax error, unexpected '}', expecting ';' or ','
#0 /Library/WebServer/Documents/lineart/system/View/View.php(232): CodeIgniter\View\View->CodeIgniter\View\{closure}()
#1 /Library/WebServer/Documents/lineart/system/Common.php(1250): CodeIgniter\View\View->render('pages/achats', Array, true)
#2 /Library/WebServer/Documents/lineart/app/Controllers/Pages.php(414): view('pages/achats')
#3 /Library/WebServer/Documents/lineart/system/CodeIgniter.php(931): App\Controllers\Pages->achats()
#4 /Library/WebServer/Documents/lineart/system/CodeIgniter.php(439): CodeIgniter\CodeIgniter->runController(Object(App\Controllers\Pages))
#5 /Library/WebServer/Documents/lineart/system/CodeIgniter.php(339): CodeIgniter\CodeIgniter->handleRequest(NULL, Object(Config\Cache), false)
#6 /Library/WebServer/Documents/lineart/public/index.php(36): CodeIgniter\CodeIgniter->run()
#7 {main}
CRITICAL - 2021-08-25 06:42:21 --> Trying to access array offset on value of type null
#0 /Library/WebServer/Documents/lineart/app/Views/pages/achats.php(12): CodeIgniter\Debug\Exceptions->errorHandler(8, 'Trying to acces...', '/Library/WebSer...', 12, Array)
#1 /Library/WebServer/Documents/lineart/system/View/View.php(230): include('/Library/WebSer...')
#2 /Library/WebServer/Documents/lineart/system/View/View.php(232): CodeIgniter\View\View->CodeIgniter\View\{closure}()
#3 /Library/WebServer/Documents/lineart/system/Common.php(1250): CodeIgniter\View\View->render('pages/achats', Array, true)
#4 /Library/WebServer/Documents/lineart/app/Controllers/Pages.php(414): view('pages/achats')
#5 /Library/WebServer/Documents/lineart/system/CodeIgniter.php(931): App\Controllers\Pages->achats()
#6 /Library/WebServer/Documents/lineart/system/CodeIgniter.php(439): CodeIgniter\CodeIgniter->runController(Object(App\Controllers\Pages))
#7 /Library/WebServer/Documents/lineart/system/CodeIgniter.php(339): CodeIgniter\CodeIgniter->handleRequest(NULL, Object(Config\Cache), false)
#8 /Library/WebServer/Documents/lineart/public/index.php(36): CodeIgniter\CodeIgniter->run()
#9 {main}
CRITICAL - 2021-08-25 06:42:52 --> Trying to access array offset on value of type null
#0 /Library/WebServer/Documents/lineart/app/Views/pages/achats.php(12): CodeIgniter\Debug\Exceptions->errorHandler(8, 'Trying to acces...', '/Library/WebSer...', 12, Array)
#1 /Library/WebServer/Documents/lineart/system/View/View.php(230): include('/Library/WebSer...')
#2 /Library/WebServer/Documents/lineart/system/View/View.php(232): CodeIgniter\View\View->CodeIgniter\View\{closure}()
#3 /Library/WebServer/Documents/lineart/system/Common.php(1250): CodeIgniter\View\View->render('pages/achats', Array, true)
#4 /Library/WebServer/Documents/lineart/app/Controllers/Pages.php(414): view('pages/achats')
#5 /Library/WebServer/Documents/lineart/system/CodeIgniter.php(931): App\Controllers\Pages->achats()
#6 /Library/WebServer/Documents/lineart/system/CodeIgniter.php(439): CodeIgniter\CodeIgniter->runController(Object(App\Controllers\Pages))
#7 /Library/WebServer/Documents/lineart/system/CodeIgniter.php(339): CodeIgniter\CodeIgniter->handleRequest(NULL, Object(Config\Cache), false)
#8 /Library/WebServer/Documents/lineart/public/index.php(36): CodeIgniter\CodeIgniter->run()
#9 {main}
CRITICAL - 2021-08-25 06:42:54 --> Trying to access array offset on value of type null
#0 /Library/WebServer/Documents/lineart/app/Views/pages/achats.php(12): CodeIgniter\Debug\Exceptions->errorHandler(8, 'Trying to acces...', '/Library/WebSer...', 12, Array)
#1 /Library/WebServer/Documents/lineart/system/View/View.php(230): include('/Library/WebSer...')
#2 /Library/WebServer/Documents/lineart/system/View/View.php(232): CodeIgniter\View\View->CodeIgniter\View\{closure}()
#3 /Library/WebServer/Documents/lineart/system/Common.php(1250): CodeIgniter\View\View->render('pages/achats', Array, true)
#4 /Library/WebServer/Documents/lineart/app/Controllers/Pages.php(414): view('pages/achats')
#5 /Library/WebServer/Documents/lineart/system/CodeIgniter.php(931): App\Controllers\Pages->achats()
#6 /Library/WebServer/Documents/lineart/system/CodeIgniter.php(439): CodeIgniter\CodeIgniter->runController(Object(App\Controllers\Pages))
#7 /Library/WebServer/Documents/lineart/system/CodeIgniter.php(339): CodeIgniter\CodeIgniter->handleRequest(NULL, Object(Config\Cache), false)
#8 /Library/WebServer/Documents/lineart/public/index.php(36): CodeIgniter\CodeIgniter->run()
#9 {main}
CRITICAL - 2021-08-25 06:43:11 --> Trying to access array offset on value of type null
#0 /Library/WebServer/Documents/lineart/app/Views/pages/achats.php(12): CodeIgniter\Debug\Exceptions->errorHandler(8, 'Trying to acces...', '/Library/WebSer...', 12, Array)
#1 /Library/WebServer/Documents/lineart/system/View/View.php(230): include('/Library/WebSer...')
#2 /Library/WebServer/Documents/lineart/system/View/View.php(232): CodeIgniter\View\View->CodeIgniter\View\{closure}()
#3 /Library/WebServer/Documents/lineart/system/Common.php(1250): CodeIgniter\View\View->render('pages/achats', Array, true)
#4 /Library/WebServer/Documents/lineart/app/Controllers/Pages.php(414): view('pages/achats')
#5 /Library/WebServer/Documents/lineart/system/CodeIgniter.php(931): App\Controllers\Pages->achats()
#6 /Library/WebServer/Documents/lineart/system/CodeIgniter.php(439): CodeIgniter\CodeIgniter->runController(Object(App\Controllers\Pages))
#7 /Library/WebServer/Documents/lineart/system/CodeIgniter.php(339): CodeIgniter\CodeIgniter->handleRequest(NULL, Object(Config\Cache), false)
#8 /Library/WebServer/Documents/lineart/public/index.php(36): CodeIgniter\CodeIgniter->run()
#9 {main}
CRITICAL - 2021-08-25 06:43:11 --> Trying to access array offset on value of type null
#0 /Library/WebServer/Documents/lineart/app/Views/pages/achats.php(12): CodeIgniter\Debug\Exceptions->errorHandler(8, 'Trying to acces...', '/Library/WebSer...', 12, Array)
#1 /Library/WebServer/Documents/lineart/system/View/View.php(230): include('/Library/WebSer...')
#2 /Library/WebServer/Documents/lineart/system/View/View.php(232): CodeIgniter\View\View->CodeIgniter\View\{closure}()
#3 /Library/WebServer/Documents/lineart/system/Common.php(1250): CodeIgniter\View\View->render('pages/achats', Array, true)
#4 /Library/WebServer/Documents/lineart/app/Controllers/Pages.php(414): view('pages/achats')
#5 /Library/WebServer/Documents/lineart/system/CodeIgniter.php(931): App\Controllers\Pages->achats()
#6 /Library/WebServer/Documents/lineart/system/CodeIgniter.php(439): CodeIgniter\CodeIgniter->runController(Object(App\Controllers\Pages))
#7 /Library/WebServer/Documents/lineart/system/CodeIgniter.php(339): CodeIgniter\CodeIgniter->handleRequest(NULL, Object(Config\Cache), false)
#8 /Library/WebServer/Documents/lineart/public/index.php(36): CodeIgniter\CodeIgniter->run()
#9 {main}
CRITICAL - 2021-08-25 06:44:22 --> Trying to access array offset on value of type null
#0 /Library/WebServer/Documents/lineart/app/Views/pages/achats.php(12): CodeIgniter\Debug\Exceptions->errorHandler(8, 'Trying to acces...', '/Library/WebSer...', 12, Array)
#1 /Library/WebServer/Documents/lineart/system/View/View.php(230): include('/Library/WebSer...')
#2 /Library/WebServer/Documents/lineart/system/View/View.php(232): CodeIgniter\View\View->CodeIgniter\View\{closure}()
#3 /Library/WebServer/Documents/lineart/system/Common.php(1250): CodeIgniter\View\View->render('pages/achats', Array, true)
#4 /Library/WebServer/Documents/lineart/app/Controllers/Pages.php(414): view('pages/achats')
#5 /Library/WebServer/Documents/lineart/system/CodeIgniter.php(931): App\Controllers\Pages->achats()
#6 /Library/WebServer/Documents/lineart/system/CodeIgniter.php(439): CodeIgniter\CodeIgniter->runController(Object(App\Controllers\Pages))
#7 /Library/WebServer/Documents/lineart/system/CodeIgniter.php(339): CodeIgniter\CodeIgniter->handleRequest(NULL, Object(Config\Cache), false)
#8 /Library/WebServer/Documents/lineart/public/index.php(36): CodeIgniter\CodeIgniter->run()
#9 {main}
CRITICAL - 2021-08-25 06:44:22 --> Trying to access array offset on value of type null
#0 /Library/WebServer/Documents/lineart/app/Views/pages/achats.php(12): CodeIgniter\Debug\Exceptions->errorHandler(8, 'Trying to acces...', '/Library/WebSer...', 12, Array)
#1 /Library/WebServer/Documents/lineart/system/View/View.php(230): include('/Library/WebSer...')
#2 /Library/WebServer/Documents/lineart/system/View/View.php(232): CodeIgniter\View\View->CodeIgniter\View\{closure}()
#3 /Library/WebServer/Documents/lineart/system/Common.php(1250): CodeIgniter\View\View->render('pages/achats', Array, true)
#4 /Library/WebServer/Documents/lineart/app/Controllers/Pages.php(414): view('pages/achats')
#5 /Library/WebServer/Documents/lineart/system/CodeIgniter.php(931): App\Controllers\Pages->achats()
#6 /Library/WebServer/Documents/lineart/system/CodeIgniter.php(439): CodeIgniter\CodeIgniter->runController(Object(App\Controllers\Pages))
#7 /Library/WebServer/Documents/lineart/system/CodeIgniter.php(339): CodeIgniter\CodeIgniter->handleRequest(NULL, Object(Config\Cache), false)
#8 /Library/WebServer/Documents/lineart/public/index.php(36): CodeIgniter\CodeIgniter->run()
#9 {main}
CRITICAL - 2021-08-25 06:44:24 --> Trying to access array offset on value of type null
#0 /Library/WebServer/Documents/lineart/app/Views/pages/achats.php(12): CodeIgniter\Debug\Exceptions->errorHandler(8, 'Trying to acces...', '/Library/WebSer...', 12, Array)
#1 /Library/WebServer/Documents/lineart/system/View/View.php(230): include('/Library/WebSer...')
#2 /Library/WebServer/Documents/lineart/system/View/View.php(232): CodeIgniter\View\View->CodeIgniter\View\{closure}()
#3 /Library/WebServer/Documents/lineart/system/Common.php(1250): CodeIgniter\View\View->render('pages/achats', Array, true)
#4 /Library/WebServer/Documents/lineart/app/Controllers/Pages.php(414): view('pages/achats')
#5 /Library/WebServer/Documents/lineart/system/CodeIgniter.php(931): App\Controllers\Pages->achats()
#6 /Library/WebServer/Documents/lineart/system/CodeIgniter.php(439): CodeIgniter\CodeIgniter->runController(Object(App\Controllers\Pages))
#7 /Library/WebServer/Documents/lineart/system/CodeIgniter.php(339): CodeIgniter\CodeIgniter->handleRequest(NULL, Object(Config\Cache), false)
#8 /Library/WebServer/Documents/lineart/public/index.php(36): CodeIgniter\CodeIgniter->run()
#9 {main}
CRITICAL - 2021-08-25 06:44:45 --> syntax error, unexpected '='
#0 /Library/WebServer/Documents/lineart/system/View/View.php(232): CodeIgniter\View\View->CodeIgniter\View\{closure}()
#1 /Library/WebServer/Documents/lineart/system/Common.php(1250): CodeIgniter\View\View->render('pages/achats', Array, true)
#2 /Library/WebServer/Documents/lineart/app/Controllers/Pages.php(414): view('pages/achats')
#3 /Library/WebServer/Documents/lineart/system/CodeIgniter.php(931): App\Controllers\Pages->achats()
#4 /Library/WebServer/Documents/lineart/system/CodeIgniter.php(439): CodeIgniter\CodeIgniter->runController(Object(App\Controllers\Pages))
#5 /Library/WebServer/Documents/lineart/system/CodeIgniter.php(339): CodeIgniter\CodeIgniter->handleRequest(NULL, Object(Config\Cache), false)
#6 /Library/WebServer/Documents/lineart/public/index.php(36): CodeIgniter\CodeIgniter->run()
#7 {main}
ERROR - 2021-08-25 06:48:52 --> Unknown column 'email' in 'where clause'
CRITICAL - 2021-08-25 06:48:52 --> Unknown column 'email' in 'where clause'
#0 /Library/WebServer/Documents/lineart/system/Database/MySQLi/Connection.php(329): mysqli->query('SELECT *\nFROM `...')
#1 /Library/WebServer/Documents/lineart/system/Database/BaseConnection.php(732): CodeIgniter\Database\MySQLi\Connection->execute('SELECT *\nFROM `...')
#2 /Library/WebServer/Documents/lineart/system/Database/BaseConnection.php(647): CodeIgniter\Database\BaseConnection->simpleQuery('SELECT *\nFROM `...')
#3 /Library/WebServer/Documents/lineart/system/Database/BaseBuilder.php(1881): CodeIgniter\Database\BaseConnection->query('SELECT *\nFROM `...', Array, false)
#4 /Library/WebServer/Documents/lineart/system/Model.php(228): CodeIgniter\Database\BaseBuilder->get()
#5 /Library/WebServer/Documents/lineart/system/BaseModel.php(644): CodeIgniter\Model->doFirst()
#6 /Library/WebServer/Documents/lineart/app/Controllers/Pages.php(415): CodeIgniter\BaseModel->first()
#7 /Library/WebServer/Documents/lineart/system/CodeIgniter.php(931): App\Controllers\Pages->achats()
#8 /Library/WebServer/Documents/lineart/system/CodeIgniter.php(439): CodeIgniter\CodeIgniter->runController(Object(App\Controllers\Pages))
#9 /Library/WebServer/Documents/lineart/system/CodeIgniter.php(339): CodeIgniter\CodeIgniter->handleRequest(NULL, Object(Config\Cache), false)
#10 /Library/WebServer/Documents/lineart/public/index.php(36): CodeIgniter\CodeIgniter->run()
#11 {main}
CRITICAL - 2021-08-25 06:49:13 --> Undefined variable: modelsers
#0 /Library/WebServer/Documents/lineart/app/Controllers/Pages.php(414): CodeIgniter\Debug\Exceptions->errorHandler(8, 'Undefined varia...', '/Library/WebSer...', 414, Array)
#1 /Library/WebServer/Documents/lineart/system/CodeIgniter.php(931): App\Controllers\Pages->achats()
#2 /Library/WebServer/Documents/lineart/system/CodeIgniter.php(439): CodeIgniter\CodeIgniter->runController(Object(App\Controllers\Pages))
#3 /Library/WebServer/Documents/lineart/system/CodeIgniter.php(339): CodeIgniter\CodeIgniter->handleRequest(NULL, Object(Config\Cache), false)
#4 /Library/WebServer/Documents/lineart/public/index.php(36): CodeIgniter\CodeIgniter->run()
#5 {main}
CRITICAL - 2021-08-25 06:52:03 --> Undefined variable: session
#0 /Library/WebServer/Documents/lineart/app/Controllers/Pages.php(404): CodeIgniter\Debug\Exceptions->errorHandler(8, 'Undefined varia...', '/Library/WebSer...', 404, Array)
#1 /Library/WebServer/Documents/lineart/system/CodeIgniter.php(931): App\Controllers\Pages->achats()
#2 /Library/WebServer/Documents/lineart/system/CodeIgniter.php(439): CodeIgniter\CodeIgniter->runController(Object(App\Controllers\Pages))
#3 /Library/WebServer/Documents/lineart/system/CodeIgniter.php(339): CodeIgniter\CodeIgniter->handleRequest(NULL, Object(Config\Cache), false)
#4 /Library/WebServer/Documents/lineart/public/index.php(36): CodeIgniter\CodeIgniter->run()
#5 {main}
CRITICAL - 2021-08-25 07:03:44 --> Undefined variable: produit
#0 /Library/WebServer/Documents/lineart/app/Views/pages/detailsample.php(1): CodeIgniter\Debug\Exceptions->errorHandler(8, 'Undefined varia...', '/Library/WebSer...', 1, Array)
#1 /Library/WebServer/Documents/lineart/system/View/View.php(230): include('/Library/WebSer...')
#2 /Library/WebServer/Documents/lineart/system/View/View.php(232): CodeIgniter\View\View->CodeIgniter\View\{closure}()
#3 /Library/WebServer/Documents/lineart/system/Common.php(1250): CodeIgniter\View\View->render('pages/detailsam...', Array, true)
#4 /Library/WebServer/Documents/lineart/app/Controllers/Pages.php(187): view('pages/detailsam...')
#5 /Library/WebServer/Documents/lineart/system/CodeIgniter.php(931): App\Controllers\Pages->detailSample('1')
#6 /Library/WebServer/Documents/lineart/system/CodeIgniter.php(439): CodeIgniter\CodeIgniter->runController(Object(App\Controllers\Pages))
#7 /Library/WebServer/Documents/lineart/system/CodeIgniter.php(339): CodeIgniter\CodeIgniter->handleRequest(NULL, Object(Config\Cache), false)
#8 /Library/WebServer/Documents/lineart/public/index.php(36): CodeIgniter\CodeIgniter->run()
#9 {main}
CRITICAL - 2021-08-25 07:04:25 --> Undefined index: id
#0 /Library/WebServer/Documents/lineart/app/Views/pages/detailsample.php(1): CodeIgniter\Debug\Exceptions->errorHandler(8, 'Undefined index...', '/Library/WebSer...', 1, Array)
#1 /Library/WebServer/Documents/lineart/system/View/View.php(230): include('/Library/WebSer...')
#2 /Library/WebServer/Documents/lineart/system/View/View.php(232): CodeIgniter\View\View->CodeIgniter\View\{closure}()
#3 /Library/WebServer/Documents/lineart/system/Common.php(1250): CodeIgniter\View\View->render('pages/detailsam...', Array, true)
#4 /Library/WebServer/Documents/lineart/app/Controllers/Pages.php(187): view('pages/detailsam...')
#5 /Library/WebServer/Documents/lineart/system/CodeIgniter.php(931): App\Controllers\Pages->detailSample('1')
#6 /Library/WebServer/Documents/lineart/system/CodeIgniter.php(439): CodeIgniter\CodeIgniter->runController(Object(App\Controllers\Pages))
#7 /Library/WebServer/Documents/lineart/system/CodeIgniter.php(339): CodeIgniter\CodeIgniter->handleRequest(NULL, Object(Config\Cache), false)
#8 /Library/WebServer/Documents/lineart/public/index.php(36): CodeIgniter\CodeIgniter->run()
#9 {main}
CRITICAL - 2021-08-25 07:04:26 --> Undefined index: id
#0 /Library/WebServer/Documents/lineart/app/Views/pages/detailsample.php(1): CodeIgniter\Debug\Exceptions->errorHandler(8, 'Undefined index...', '/Library/WebSer...', 1, Array)
#1 /Library/WebServer/Documents/lineart/system/View/View.php(230): include('/Library/WebSer...')
#2 /Library/WebServer/Documents/lineart/system/View/View.php(232): CodeIgniter\View\View->CodeIgniter\View\{closure}()
#3 /Library/WebServer/Documents/lineart/system/Common.php(1250): CodeIgniter\View\View->render('pages/detailsam...', Array, true)
#4 /Library/WebServer/Documents/lineart/app/Controllers/Pages.php(187): view('pages/detailsam...')
#5 /Library/WebServer/Documents/lineart/system/CodeIgniter.php(931): App\Controllers\Pages->detailSample('1')
#6 /Library/WebServer/Documents/lineart/system/CodeIgniter.php(439): CodeIgniter\CodeIgniter->runController(Object(App\Controllers\Pages))
#7 /Library/WebServer/Documents/lineart/system/CodeIgniter.php(339): CodeIgniter\CodeIgniter->handleRequest(NULL, Object(Config\Cache), false)
#8 /Library/WebServer/Documents/lineart/public/index.php(36): CodeIgniter\CodeIgniter->run()
#9 {main}
